<?xml version="1.0" encoding="UTF-8"?>
<testsuite xmlns:xsi="http://www.w3.org/2001/XMLSchema-instance" xsi:noNamespaceSchemaLocation="https://maven.apache.org/surefire/maven-surefire-plugin/xsd/surefire-test-report-3.0.xsd" version="3.0" name="HelloWorldTest" time="0.005" tests="2" errors="0" skipped="0" failures="0">
  <properties>
    <property name="java.specification.version" value="24"/>
    <property name="sun.jnu.encoding" value="UTF-8"/>
    <property name="java.class.path" value="/Users/rajkhare/Raj/Udemy/maven-zero-to-hero/code/helloworld/target/test-classes:/Users/rajkhare/Raj/Udemy/maven-zero-to-hero/code/helloworld/target/classes:/Users/rajkhare/.m2/repository/org/apache/commons/commons-lang3/3.17.0/commons-lang3-3.17.0.jar:"/>
    <property name="java.vm.vendor" value="Amazon.com Inc."/>
    <property name="sun.arch.data.model" value="64"/>
    <property name="java.vendor.url" value="https://aws.amazon.com/corretto/"/>
    <property name="os.name" value="Mac OS X"/>
    <property name="java.vm.specification.version" value="24"/>
    <property name="sun.java.launcher" value="SUN_STANDARD"/>
    <property name="user.country" value="US"/>
    <property name="sun.boot.library.path" value="/Users/rajkhare/.sdkman/candidates/java/24.0.1-amzn/lib"/>
    <property name="sun.java.command" value="/Users/rajkhare/Raj/Udemy/maven-zero-to-hero/code/helloworld/target/surefire/surefirebooter-20250711194820585_3.jar /Users/rajkhare/Raj/Udemy/maven-zero-to-hero/code/helloworld/target/surefire 2025-07-11T19-48-20_545-jvmRun1 surefire-20250711194820585_1tmp surefire_0-20250711194820585_2tmp"/>
    <property name="http.nonProxyHosts" value="local|*.local|169.254/16|*.169.254/16"/>
    <property name="jdk.debug" value="release"/>
    <property name="surefire.test.class.path" value="/Users/rajkhare/Raj/Udemy/maven-zero-to-hero/code/helloworld/target/test-classes:/Users/rajkhare/Raj/Udemy/maven-zero-to-hero/code/helloworld/target/classes:/Users/rajkhare/.m2/repository/org/apache/commons/commons-lang3/3.17.0/commons-lang3-3.17.0.jar:"/>
    <property name="sun.cpu.endian" value="little"/>
    <property name="user.home" value="/Users/rajkhare"/>
    <property name="user.language" value="en"/>
    <property name="java.specification.vendor" value="Oracle Corporation"/>
    <property name="java.version.date" value="2025-04-15"/>
    <property name="java.home" value="/Users/rajkhare/.sdkman/candidates/java/24.0.1-amzn"/>
    <property name="file.separator" value="/"/>
    <property name="basedir" value="/Users/rajkhare/Raj/Udemy/maven-zero-to-hero/code/helloworld"/>
    <property name="java.vm.compressedOopsMode" value="Zero based"/>
    <property name="line.separator" value="&#10;"/>
    <property name="java.vm.specification.vendor" value="Oracle Corporation"/>
    <property name="java.specification.name" value="Java Platform API Specification"/>
    <property name="apple.awt.application.name" value="ForkedBooter"/>
    <property name="surefire.real.class.path" value="/Users/rajkhare/Raj/Udemy/maven-zero-to-hero/code/helloworld/target/surefire/surefirebooter-20250711194820585_3.jar"/>
    <property name="sun.management.compiler" value="HotSpot 64-Bit Tiered Compilers"/>
    <property name="ftp.nonProxyHosts" value="local|*.local|169.254/16|*.169.254/16"/>
    <property name="java.runtime.version" value="24.0.1+9-FR"/>
    <property name="user.name" value="rajkhare"/>
    <property name="stdout.encoding" value="UTF-8"/>
    <property name="path.separator" value=":"/>
    <property name="os.version" value="26.0"/>
    <property name="java.runtime.name" value="OpenJDK Runtime Environment"/>
    <property name="file.encoding" value="UTF-8"/>
    <property name="java.vm.name" value="OpenJDK 64-Bit Server VM"/>
    <property name="java.vendor.version" value="Corretto-24.0.1.9.1"/>
    <property name="localRepository" value="/Users/rajkhare/.m2/repository"/>
    <property name="java.vendor.url.bug" value="https://github.com/corretto/corretto-24/issues/"/>
    <property name="java.io.tmpdir" value="/var/folders/2f/sg7sc6dj56b4b8v_kmgbvhth0000gn/T/"/>
    <property name="java.version" value="24.0.1"/>
    <property name="user.dir" value="/Users/rajkhare/Raj/Udemy/maven-zero-to-hero/code/helloworld"/>
    <property name="os.arch" value="aarch64"/>
    <property name="java.vm.specification.name" value="Java Virtual Machine Specification"/>
    <property name="native.encoding" value="UTF-8"/>
    <property name="java.library.path" value="/Users/rajkhare/Library/Java/Extensions:/Library/Java/Extensions:/Network/Library/Java/Extensions:/System/Library/Java/Extensions:/usr/lib/java:."/>
    <property name="java.vm.info" value="mixed mode, sharing"/>
    <property name="stderr.encoding" value="UTF-8"/>
    <property name="java.vendor" value="Amazon.com Inc."/>
    <property name="java.vm.version" value="24.0.1+9-FR"/>
    <property name="sun.io.unicode.encoding" value="UnicodeBig"/>
    <property name="socksNonProxyHosts" value="local|*.local|169.254/16|*.169.254/16"/>
    <property name="java.class.version" value="68.0"/>
  </properties>
  <testcase name="HelloWorldTest.testHello()" classname="HelloWorldTest" time="0.001">
    <system-out><![CDATA[TEST - Hello...
]]></system-out>
  </testcase>
  <testcase name="HelloWorldTest.testWorld()" classname="HelloWorldTest" time="0.0">
    <system-out><![CDATA[TEST - World!!!
]]></system-out>
  </testcase>
</testsuite>